<?xml version="1.0" encoding="UTF-8"?>
<testng-results skipped="0" failed="0" total="1" passed="1">
  <reporter-output>
  </reporter-output>
  <suite name="Suite" duration-ms="32002" started-at="2019-03-14T08:17:30Z" finished-at="2019-03-14T08:18:02Z">
    <groups>
    </groups>
    <test name="Test" duration-ms="32002" started-at="2019-03-14T08:17:30Z" finished-at="2019-03-14T08:18:02Z">
      <class name="testbdidu.testbaidu">
        <test-method status="PASS" signature="openbrowser()[pri:0, instance:testbdidu.testbaidu@1c2c22f3]" name="openbrowser" is-config="true" duration-ms="18754" started-at="2019-03-14T16:17:30Z" finished-at="2019-03-14T16:17:49Z">
          <reporter-output>
          </reporter-output>
        </test-method> <!-- openbrowser -->
        <test-method status="PASS" signature="login()[pri:0, instance:testbdidu.testbaidu@1c2c22f3]" name="login" duration-ms="13219" started-at="2019-03-14T16:17:49Z" finished-at="2019-03-14T16:18:02Z">
          <reporter-output>
          </reporter-output>
        </test-method> <!-- login -->
      </class> <!-- testbdidu.testbaidu -->
    </test> <!-- Test -->
  </suite> <!-- Suite -->
</testng-results>
