<?xml version="1.0" encoding="UTF-8"?>
<testng-results skipped="0" failed="0" total="1" passed="1">
  <reporter-output>
  </reporter-output>
  <suite name="Suite" duration-ms="5342" started-at="2019-03-20T00:57:14Z" finished-at="2019-03-20T00:57:20Z">
    <groups>
    </groups>
    <test name="Test" duration-ms="5342" started-at="2019-03-20T00:57:14Z" finished-at="2019-03-20T00:57:20Z">
      <class name="testbdidu.testbaidu">
        <test-method status="PASS" signature="openbrowser()[pri:0, instance:testbdidu.testbaidu@1c2c22f3]" name="openbrowser" is-config="true" duration-ms="3243" started-at="2019-03-20T08:57:14Z" finished-at="2019-03-20T08:57:18Z">
          <reporter-output>
          </reporter-output>
        </test-method> <!-- openbrowser -->
        <test-method status="PASS" signature="login()[pri:0, instance:testbdidu.testbaidu@1c2c22f3]" name="login" duration-ms="2089" started-at="2019-03-20T08:57:18Z" finished-at="2019-03-20T08:57:20Z">
          <reporter-output>
          </reporter-output>
        </test-method> <!-- login -->
      </class> <!-- testbdidu.testbaidu -->
    </test> <!-- Test -->
  </suite> <!-- Suite -->
</testng-results>
